#
# A fatal error has been detected by the Java Runtime Environment:
#
#  EXCEPTION_ACCESS_VIOLATION (0xc0000005) at pc=0x00007ff9d27d8c13, pid=13664, tid=16408
#
# JRE version:  (11.0.20+8) (build )
# Java VM: OpenJDK 64-Bit Server VM (11.0.20+8-LTS, mixed mode, sharing, tiered, compressed oops, g1 gc, windows-amd64)
# Problematic frame:
# V  [jvm.dll+0x1d8c13]
#
# No core dump will be written. Minidumps are not enabled by default on client versions of Windows
#
#

---------------  S U M M A R Y ------------

Command Line: -Xmx64m -Xms64m -Dorg.gradle.appname=gradlew org.gradle.wrapper.GradleWrapperMain tasks

Host: Intel(R) Core(TM) i5-6300HQ CPU @ 2.30GHz, 4 cores, 11G,  Windows 10 , 64 bit Build 18362 (10.0.18362.1350)
Time: Tue Aug 29 00:54:45 2023 W. Central Africa Standard Time elapsed time: 0.025029 seconds (0d 0h 0m 0s)

---------------  T H R E A D  ---------------

Current thread (0x000001fd1dc1f800):  JavaThread "Unknown thread" [_thread_in_vm, id=16408, stack(0x000000c1e2700000,0x000000c1e2800000)]

Stack: [0x000000c1e2700000,0x000000c1e2800000],  sp=0x000000c1e27fef30,  free space=1019k
Native frames: (J=compiled Java code, j=interpreted, Vv=VM code, C=native code)
V  [jvm.dll+0x1d8c13]
V  [jvm.dll+0x1d6d63]
V  [jvm.dll+0x36585b]
V  [jvm.dll+0x779130]
V  [jvm.dll+0x3d4c1f]
V  [jvm.dll+0x3d6fb1]
C  [jli.dll+0x5227]
C  [ucrtbase.dll+0x210b2]
C  [KERNEL32.DLL+0x17c24]
C  [ntdll.dll+0x6d721]


siginfo: EXCEPTION_ACCESS_VIOLATION (0xc0000005), reading address 0x0000000000000000


Registers:
RAX=0x00003baf4d3ceeb8, RBX=0x0000000000000000, RCX=0x0000000000000000, RDX=0x0000000000000000
RSP=0x000000c1e27fef30, RBP=0x0000000000000000, RSI=0x000001fd1dc1f800, RDI=0x0000000000000000
R8 =0x0000000000000000, R9 =0x0000000000000000, R10=0x0000000000000000, R11=0x000000c1e27fecf0
R12=0x0000000000000000, R13=0x00007ff9d2bd85c0, R14=0x000001fd1bb090f8, R15=0x000000c1e27ffc78
RIP=0x00007ff9d27d8c13, EFLAGS=0x0000000000010256

Top of Stack: (sp=0x000000c1e27fef30)
0x000000c1e27fef30:   000001fd1bb101d0 00007ff9d28d3258
0x000000c1e27fef40:   000000c1e27ffc78 0000000000000400
0x000000c1e27fef50:   0000000000000000 000001fd1dc1f800
0x000000c1e27fef60:   0000ac357f689067 00007ff9d2bd85c0
0x000000c1e27fef70:   000000c1e27ff050 000000c1e27ffc78
0x000000c1e27fef80:   000001fd1bb090f8 00007ff9d2bd85c0
0x000000c1e27fef90:   0000000000000000 00007ffa24460000
0x000000c1e27fefa0:   00007ff9d2eaa3d8 0000000000000000
0x000000c1e27fefb0:   00007ff9d27d6c0a 00007ffa5b50aeac
0x000000c1e27fefc0:   000000c1e27ff050 0000000000000001
0x000000c1e27fefd0:   00003baf4d3ceeb8 000001fd1bb090f8
0x000000c1e27fefe0:   00007ff900000000 00007ff9d2bd85c0
0x000000c1e27feff0:   000001fd1dc1f800 000000c1e27ff110
0x000000c1e27ff000:   0000000000000000 00007ff9d27d6d63
0x000000c1e27ff010:   00007ffa24750000 00007ffa2446d0e0
0x000000c1e27ff020:   000000c1e27ff110 000001fd1dc1f800 

Instructions: (pc=0x00007ff9d27d8c13)
0x00007ff9d27d8b13:   f0 ff 15 86 9d 61 00 48 8b cb 41 b1 01 48 2b 8c
0x00007ff9d27d8b23:   24 90 00 00 00 45 33 c0 33 d2 c6 04 31 00 48 8b
0x00007ff9d27d8b33:   ce e8 b7 0b 00 00 42 80 3c 33 3b 4a 8d 3c 33 75
0x00007ff9d27d8b43:   1c 0f 1f 40 00 0f 1f 84 00 00 00 00 00 48 ff c3
0x00007ff9d27d8b53:   ff c5 42 80 3c 33 3b 4a 8d 3c 33 74 f0 49 83 3c
0x00007ff9d27d8b63:   24 00 74 18 48 8b 94 24 98 00 00 00 49 8b cf e8
0x00007ff9d27d8b73:   19 a3 ee ff 49 8b cc e8 81 a2 ee ff 48 8b 44 24
0x00007ff9d27d8b83:   20 48 8d 4c 24 30 49 89 47 18 48 8b 44 24 28 49
0x00007ff9d27d8b93:   89 47 20 4d 89 67 10 e8 f1 b0 0f 00 44 8b ed 48
0x00007ff9d27d8ba3:   89 9c 24 90 00 00 00 48 3b 5c 24 38 0f 8c cd fe
0x00007ff9d27d8bb3:   ff ff 4c 8b 7c 24 40 4c 8b 64 24 48 48 8b 7c 24
0x00007ff9d27d8bc3:   50 48 8b 74 24 58 48 8b 9c 24 80 00 00 00 48 83
0x00007ff9d27d8bd3:   c4 60 41 5e 41 5d 5d c3 cc cc cc cc cc 40 53 55
0x00007ff9d27d8be3:   56 41 55 48 81 ec b8 00 00 00 48 8b 05 14 25 8b
0x00007ff9d27d8bf3:   00 48 33 c4 48 89 84 24 a0 00 00 00 48 8b e9 48
0x00007ff9d27d8c03:   c7 c3 ff ff ff ff 0f 1f 80 00 00 00 00 48 ff c3
0x00007ff9d27d8c13:   80 3c 0b 00 75 f7 33 f6 c6 44 24 30 01 40 38 35
0x00007ff9d27d8c23:   15 58 8e 00 74 17 40 38 35 81 bd 8d 00 75 0e 33
0x00007ff9d27d8c33:   d2 48 8d 0d c5 15 6d 00 e8 90 93 1a 00 45 33 ed
0x00007ff9d27d8c43:   85 db 0f 8e 11 02 00 00 48 89 bc 24 e8 00 00 00
0x00007ff9d27d8c53:   48 8b fd 4c 89 a4 24 f0 00 00 00 48 63 c3 33 db
0x00007ff9d27d8c63:   4c 89 b4 24 f8 00 00 00 4c 89 bc 24 b0 00 00 00
0x00007ff9d27d8c73:   48 89 44 24 68 48 89 74 24 40 0f 1f 00 0f b6 07
0x00007ff9d27d8c83:   84 c0 74 12 3c 3b 74 0e 0f b6 44 2b 01 48 ff c3
0x00007ff9d27d8c93:   ff c6 84 c0 75 ee 48 8d 54 24 38 48 c7 44 24 38
0x00007ff9d27d8ca3:   00 00 00 00 48 8d 4c 24 60 e8 5f af 0f 00 48 8b
0x00007ff9d27d8cb3:   44 24 38 33 d2 4c 8b b0 78 02 00 00 49 8b 46 18
0x00007ff9d27d8cc3:   4d 8b 66 10 48 89 44 24 50 49 8b 46 20 48 89 44
0x00007ff9d27d8cd3:   24 58 49 8b 46 28 48 89 44 24 48 8b c6 41 2b c5
0x00007ff9d27d8ce3:   48 63 f8 48 8d 4f 01 e8 71 40 4b 00 49 63 d5 4c
0x00007ff9d27d8cf3:   8b c7 48 03 d5 48 8b c8 4c 8b f8 ff 15 9c 9b 61
0x00007ff9d27d8d03:   00 48 8b cb 48 2b 4c 24 40 80 7c 24 30 00 42 c6 



---------------  P R O C E S S  ---------------

Threads class SMR info:
_java_thread_list=0x000001fd1bb09080, length=0, elements={
}

Java Threads: ( => current thread )

Other Threads:

=>0x000001fd1dc1f800 (exited) JavaThread "Unknown thread" [_thread_in_vm, id=16408, stack(0x000000c1e2700000,0x000000c1e2800000)]

Threads with active compile tasks:

VM state:not at safepoint (not fully initialized)

VM Mutex/Monitor currently owned by a thread: None


[error occurred during error reporting (printing compressed oops mode), id 0xc0000005, EXCEPTION_ACCESS_VIOLATION (0xc0000005) at pc=0x00007ff9d2d970c7]

Deoptimization events (0 events):
No events

Classes redefined (0 events):
No events

Internal exceptions (0 events):
No events

Events (1 events):
Event: 0.013 Loaded shared library C:\Program Files\Microsoft\jdk-11.0.20.8-hotspot\bin\zip.dll


Dynamic libraries:
0x00007ff652270000 - 0x00007ff65227d000 	C:\Program Files\Microsoft\jdk-11.0.20.8-hotspot\bin\java.exe
0x00007ffa5de00000 - 0x00007ffa5dff0000 	C:\WINDOWS\SYSTEM32\ntdll.dll
0x00007ffa5c2f0000 - 0x00007ffa5c3a2000 	C:\WINDOWS\System32\KERNEL32.DLL
0x00007ffa5b4f0000 - 0x00007ffa5b795000 	C:\WINDOWS\System32\KERNELBASE.dll
0x00007ffa5bd20000 - 0x00007ffa5be1a000 	C:\WINDOWS\System32\ucrtbase.dll
0x00007ffa4cf50000 - 0x00007ffa4cf67000 	C:\Program Files\Microsoft\jdk-11.0.20.8-hotspot\bin\jli.dll
0x00007ffa4cf30000 - 0x00007ffa4cf45000 	C:\Program Files\Microsoft\jdk-11.0.20.8-hotspot\bin\VCRUNTIME140.dll
0x00007ffa5c3b0000 - 0x00007ffa5c544000 	C:\WINDOWS\System32\USER32.dll
0x00007ffa5be80000 - 0x00007ffa5bea1000 	C:\WINDOWS\System32\win32u.dll
0x00007ffa5d760000 - 0x00007ffa5d786000 	C:\WINDOWS\System32\GDI32.dll
0x00007ffa5ba20000 - 0x00007ffa5bbb8000 	C:\WINDOWS\System32\gdi32full.dll
0x00007ffa5b8c0000 - 0x00007ffa5b95e000 	C:\WINDOWS\System32\msvcp_win.dll
0x00007ffa33540000 - 0x00007ffa337c4000 	C:\WINDOWS\WinSxS\amd64_microsoft.windows.common-controls_6595b64144ccf1df_6.0.18362.1440_none_9e7dbfb9e45e8e67\COMCTL32.dll
0x00007ffa5c550000 - 0x00007ffa5c5ee000 	C:\WINDOWS\System32\msvcrt.dll
0x00007ffa5cce0000 - 0x00007ffa5d016000 	C:\WINDOWS\System32\combase.dll
0x00007ffa5dbd0000 - 0x00007ffa5dcef000 	C:\WINDOWS\System32\RPCRT4.dll
0x00007ffa5b990000 - 0x00007ffa5ba11000 	C:\WINDOWS\System32\bcryptPrimitives.dll
0x00007ffa5d020000 - 0x00007ffa5d04e000 	C:\WINDOWS\System32\IMM32.DLL
0x00007ff9e6fc0000 - 0x00007ff9e705b000 	C:\Program Files\Microsoft\jdk-11.0.20.8-hotspot\bin\msvcp140.dll
0x00007ff9d2600000 - 0x00007ff9d3196000 	C:\Program Files\Microsoft\jdk-11.0.20.8-hotspot\bin\server\jvm.dll
0x00007ffa5c0e0000 - 0x00007ffa5c183000 	C:\WINDOWS\System32\ADVAPI32.dll
0x00007ffa5d7a0000 - 0x00007ffa5d837000 	C:\WINDOWS\System32\sechost.dll
0x00007ffa5dbc0000 - 0x00007ffa5dbc8000 	C:\WINDOWS\System32\PSAPI.DLL
0x00007ffa55050000 - 0x00007ffa55074000 	C:\WINDOWS\SYSTEM32\WINMM.dll
0x00007ffa49340000 - 0x00007ffa49349000 	C:\WINDOWS\SYSTEM32\WSOCK32.dll
0x00007ffa51bb0000 - 0x00007ffa51bba000 	C:\WINDOWS\SYSTEM32\VERSION.dll
0x00007ffa5dad0000 - 0x00007ffa5db3f000 	C:\WINDOWS\System32\WS2_32.dll
0x00007ffa55020000 - 0x00007ffa5504d000 	C:\WINDOWS\SYSTEM32\WINMMBASE.dll
0x00007ffa5b870000 - 0x00007ffa5b8ba000 	C:\WINDOWS\System32\cfgmgr32.dll
0x00007ffa5acc0000 - 0x00007ffa5acd1000 	C:\WINDOWS\System32\kernel.appcore.dll
0x00007ffa4ce80000 - 0x00007ffa4ce90000 	C:\Program Files\Microsoft\jdk-11.0.20.8-hotspot\bin\verify.dll
0x00007ffa595c0000 - 0x00007ffa597b4000 	C:\WINDOWS\SYSTEM32\DBGHELP.DLL
0x00007ffa49200000 - 0x00007ffa4922a000 	C:\WINDOWS\SYSTEM32\dbgcore.DLL
0x00007ffa24460000 - 0x00007ffa24488000 	C:\Program Files\Microsoft\jdk-11.0.20.8-hotspot\bin\java.dll
0x00007ffa4ce70000 - 0x00007ffa4ce7a000 	C:\Program Files\Microsoft\jdk-11.0.20.8-hotspot\bin\jimage.dll
0x00007ffa24750000 - 0x00007ffa24768000 	C:\Program Files\Microsoft\jdk-11.0.20.8-hotspot\bin\zip.dll

dbghelp: loaded successfully - version: 4.0.5 - missing functions: none
symbol engine: initialized successfully - sym options: 0x614 - pdb path: .;C:\Program Files\Microsoft\jdk-11.0.20.8-hotspot\bin;C:\WINDOWS\SYSTEM32;C:\WINDOWS\WinSxS\amd64_microsoft.windows.common-controls_6595b64144ccf1df_6.0.18362.1440_none_9e7dbfb9e45e8e67;C:\Program Files\Microsoft\jdk-11.0.20.8-hotspot\bin\server

VM Arguments:
jvm_args: -Xmx64m -Xms64m -Dorg.gradle.appname=gradlew 
java_command: org.gradle.wrapper.GradleWrapperMain tasks
java_class_path (initial): D:\assignment\Tocos\android\\gradle\wrapper\gradle-wrapper.jar
Launcher Type: SUN_STANDARD

[Global flags]
     uint G1ConcRefinementThreads                  = 4                                         {product} {ergonomic}
    uintx GCDrainStackTargetSize                   = 64                                        {product} {ergonomic}
   size_t InitialHeapSize                          = 67108864                                  {product} {command line}
   size_t MaxHeapSize                              = 67108864                                  {product} {command line}
    uintx ReservedCodeCacheSize                    = 251658240                              {pd product} {ergonomic}
     bool SegmentedCodeCache                       = true                                      {product} {ergonomic}
     bool UseCompressedClassPointers               = true                                 {lp64_product} {ergonomic}
     bool UseCompressedOops                        = true                                 {lp64_product} {ergonomic}
     bool UseG1GC                                  = true                                      {product} {ergonomic}
     bool UseLargePagesIndividualAllocation        = false                                  {pd product} {ergonomic}

Logging:
Log output configuration:
 #0: stdout all=warning uptime,level,tags
 #1: stderr all=off uptime,level,tags

Environment Variables:
JAVA_HOME=C:\Program Files\Microsoft\jdk-11.0.20.8-hotspot\
CLASSPATH=D:\assignment\Tocos\android\\gradle\wrapper\gradle-wrapper.jar
PATH=D:\assignment\Tocos\node_modules\.bin;D:\assignment\node_modules\.bin;D:\node_modules\.bin;C:\Users\Utilisateur\AppData\Roaming\npm\node_modules\npm\node_modules\@npmcli\run-script\lib\node-gyp-bin;D:\assignment\Tocos\node_modules\.bin;D:\assignment\Tocos\node_modules\.bin;D:\assignment\node_modules\.bin;D:\node_modules\.bin;C:\Users\Utilisateur\AppData\Roaming\npm\node_modules\npm\node_modules\@npmcli\run-script\lib\node-gyp-bin;C:\Program Files\Microsoft\jdk-11.0.20.8-hotspot\bin;C:\Python311\Scripts\;C:\Python311\;C:\Users\Utilisateur\AppData\Local\Programs\Python\Python311;D:\telechargement\WINDOWS.X64_193000_db_home\bin;C:\Program Files\Eclipse Adoptium\jdk-11.0.16.8-hotspot\bin;D:\python\Scripts\;D:\python\;C:\ProgramData\Oracle\Java\javapath;C:\oraclexe\app\oracle\product\10.2.0\server\bin;c:\program files (x86)\intel\icls client\;c:\program files\intel\icls client\;c:\windows\system32;c:\windows;c:\windows\system32\wbem;c:\windows\system32\windowspowershell\v1.0\;c:\program files (x86)\intel\intel(r) management engine components\dal;c:\program files\intel\intel(r) management engine components\dal;c:\program files (x86)\intel\intel(r) management engine components\ipt;c:\program files\intel\intel(r) management engine components\ipt;c:\windows\system32\openssh\;c:\android;c:\program files\intel\wifi\bin\;c:\program files\common files\intel\wirelesscommon\;c:\program files (x86)\notebook fancontrol\;c:\program files\nvidia corporation\nvidia nvdlisr;c:\program files\git\cmd;C:\Program Files (x86)\NVIDIA Corporation\PhysX\Common;C:\WINDOWS\system32;C:\WINDOWS;C:\WINDOWS\System32\Wbem;C:\WINDOWS\System32\WindowsPowerShell\v1.0\;C:\WINDOWS\System32\OpenSSH\;C:\Program Files\Git\cmd;C:\Users\Utilisateur\php;C:\composer;C:\ProgramData\chocolatey\bin;D:\Java\jdk-18.0.1.1\bin;D:\apache-maven-3.8.6\bin;%MAVEN_HOME%\bin;C:\Program Files\Microsoft SQL Server\150\Tools\Binn\;C:\Program Files\Microsoft SQL Server\Client SDK\ODBC\170\Tools\Binn\;C:\Program Files (x86)\Micr
USERNAME=Utilisateur
LANG=en_US.UTF-8
OS=Windows_NT
PROCESSOR_IDENTIFIER=Intel64 Family 6 Model 94 Stepping 3, GenuineIntel
TMP=C:\Users\Utilisateur\AppData\Local\Temp
TEMP=C:\Users\Utilisateur\AppData\Local\Temp



---------------  S Y S T E M  ---------------

OS: Windows 10 , 64 bit Build 18362 (10.0.18362.1350)
OS uptime: 0 days 2:24 hours

CPU:total 4 (initial active 4) 

Memory: 4k page, system-wide physical 12224M (3197M free)
TotalPageFile size 47040M (AvailPageFile size 22769M)
current process WorkingSet (physical memory assigned to process): 8M, peak: 8M
current process commit charge ("private bytes"): 3M, peak: 3M

vm_info: OpenJDK 64-Bit Server VM (11.0.20+8-LTS) for windows-amd64 JRE (11.0.20+8-LTS), built on Jul  7 2023 17:05:21 by "MicrosoftCorporation" with MS VC++ 15.9 (VS2017)

END.
